\BOOKMARK [1][-]{section.1}{\376\377\137\025\212\000}{}% 1
\BOOKMARK [2][-]{subsection.1.1}{\376\377\174\222\133\120\177\244\173\227\154\325\166\204\123\321\134\125}{section.1}% 2
\BOOKMARK [2][-]{subsection.1.2}{\376\377\174\222\133\120\177\244\173\227\154\325\170\024\172\166\121\205\133\271}{section.1}% 3
\BOOKMARK [2][-]{subsection.1.3}{\376\377\174\222\133\120\177\244\173\227\154\325\166\204\162\171\160\271}{section.1}% 4
\BOOKMARK [2][-]{subsection.1.4}{\376\377\174\222\133\120\177\244\173\227\154\325\166\204\136\224\165\050}{section.1}% 5
\BOOKMARK [2][-]{subsection.1.5}{\376\377\147\054\145\207\170\024\172\166\121\205\133\271}{section.1}% 6
\BOOKMARK [1][-]{section.2}{\376\377\174\222\133\120\177\244\173\227\154\325\123\237\164\006}{}% 7
\BOOKMARK [2][-]{subsection.2.1}{\376\377\127\372\147\054\174\222\133\120\177\244\117\030\123\026\173\227\154\325}{section.2}% 8
\BOOKMARK [3][-]{subsubsection.2.1.1}{\376\377\173\227\154\325\123\237\164\006}{subsection.2.1}% 9
\BOOKMARK [3][-]{subsubsection.2.1.2}{\376\377\173\227\154\325\155\101\172\013}{subsection.2.1}% 10
\BOOKMARK [3][-]{subsubsection.2.1.3}{\376\377\174\222\133\120\166\204\171\076\117\032\210\114\116\072\122\006\147\220}{subsection.2.1}% 11
\BOOKMARK [2][-]{subsection.2.2}{\376\377\150\007\121\306\174\222\133\120\177\244\117\030\123\026\173\227\154\325\377\010\000S\000t\000a\000n\000d\000a\000r\000d\000\040\000P\000S\000O\000\040\000A\000l\000g\000o\000r\000i\000t\000h\000m\377\011}{section.2}% 12
\BOOKMARK [2][-]{subsection.2.3}{\376\377\173\227\154\325\147\204\142\020\211\201\175\040}{section.2}% 13
\BOOKMARK [3][-]{subsubsection.2.3.1}{\376\377\174\222\133\120\177\244\177\026\170\001\145\271\154\325}{subsection.2.3}% 14
\BOOKMARK [3][-]{subsubsection.2.3.2}{\376\377\116\052\117\123\220\002\136\224\136\246\213\304\116\367}{subsection.2.3}% 15
\BOOKMARK [3][-]{subsubsection.2.3.3}{\376\377\127\372\147\054\174\222\133\120\177\244\173\227\154\325\166\204\217\320\210\114\123\302\145\160}{subsection.2.3}% 16
\BOOKMARK [1][-]{section.3}{\376\377\000P\000S\000O\166\204\145\071\217\333\116\016\123\330\137\142}{}% 17
\BOOKMARK [2][-]{subsection.3.1}{\376\377\116\011\116\052\147\204\142\020\211\201\175\040\166\204\220\011\142\351\124\214\214\003\202\202}{section.3}% 18
\BOOKMARK [3][-]{subsubsection.3.1.1}{\376\377\140\357\140\047\147\103\221\315}{subsection.3.1}% 19
\BOOKMARK [3][-]{subsubsection.3.1.2}{\376\377\220\273\127\337\142\323\142\121\176\323\147\204}{subsection.3.1}% 20
\BOOKMARK [3][-]{subsubsection.3.1.3}{\376\377\133\146\116\140\126\340\133\120}{subsection.3.1}% 21
\BOOKMARK [2][-]{subsection.3.2}{\376\377\136\046\147\011\145\066\177\051\126\340\133\120\166\204\174\222\133\120\177\244\117\030\123\026\173\227\154\325}{section.3}% 22
\BOOKMARK [2][-]{subsection.3.3}{\376\377\171\273\145\143\162\110\147\054\166\204\174\222\133\120\177\244\117\030\123\026\173\227\154\325}{section.3}% 23
\BOOKMARK [3][-]{subsubsection.3.3.1}{\376\377\116\214\217\333\122\066\177\026\170\001}{subsection.3.3}% 24
\BOOKMARK [2][-]{subsection.3.4}{\376\377\230\172\136\217\177\026\170\001}{section.3}% 25
\BOOKMARK [2][-]{subsection.3.5}{\376\377\127\372\116\216\220\127\117\040\140\035\140\363\124\214\150\257\136\246\117\341\140\157\166\204\145\071\217\333\173\126\165\145}{section.3}% 26
\BOOKMARK [3][-]{subsubsection.3.5.1}{\376\377\127\372\116\216\220\011\142\351\166\204\145\071\217\333\173\227\154\325}{subsection.3.5}% 27
\BOOKMARK [3][-]{subsubsection.3.5.2}{\376\377\127\372\116\216\116\244\123\311\166\204\145\071\217\333\173\227\154\325}{subsection.3.5}% 28
\BOOKMARK [3][-]{subsubsection.3.5.3}{\376\377\127\372\116\216\123\330\137\002\166\204\145\071\217\333\173\227\154\325}{subsection.3.5}% 29
\BOOKMARK [3][-]{subsubsection.3.5.4}{\376\377\136\046\147\011\150\257\136\246\122\240\220\037\166\204\145\071\217\333\173\227\154\325}{subsection.3.5}% 30
\BOOKMARK [2][-]{subsection.3.6}{\376\377\173\227\154\325\127\050\176\246\147\137\117\030\123\026\124\214\131\032\166\356\150\007\117\030\123\026\116\055\166\204\211\343\121\263\145\271\150\110}{section.3}% 31
\BOOKMARK [3][-]{subsubsection.3.6.1}{\376\377\176\246\147\137\166\204\131\004\164\006}{subsection.3.6}% 32
\BOOKMARK [3][-]{subsubsection.3.6.2}{\376\377\131\032\166\356\150\007\166\204\131\004\164\006}{subsection.3.6}% 33
\BOOKMARK [1][-]{section.4}{\376\377\174\222\133\120\177\244\173\227\154\325\116\377\167\037\232\214\213\301}{}% 34
\BOOKMARK [2][-]{subsection.4.1}{\376\377\000P\000S\000O\173\227\154\325\127\050\116\015\124\014\217\355\116\343\153\145\145\160\116\013\166\204\133\236\232\214}{section.4}% 35
\BOOKMARK [3][-]{subsubsection.4.1.1}{\376\377\133\236\232\214\176\323\147\234}{subsection.4.1}% 36
\BOOKMARK [3][-]{subsubsection.4.1.2}{\376\377\133\236\232\214\176\323\213\272}{subsection.4.1}% 37
\BOOKMARK [2][-]{subsection.4.2}{\376\377\000P\000S\000O\127\050\116\015\124\014\174\222\133\120\177\244\211\304\152\041\116\013\166\204\133\236\232\214}{section.4}% 38
\BOOKMARK [3][-]{subsubsection.4.2.1}{\376\377\133\236\232\214\176\323\147\234}{subsection.4.2}% 39
\BOOKMARK [3][-]{subsubsection.4.2.2}{\376\377\133\236\232\214\176\323\213\272}{subsection.4.2}% 40
\BOOKMARK [2][-]{subsection.4.3}{\376\377\000S\000P\000S\000O\123\312\121\166\145\071\217\333\173\227\154\325\166\204\116\377\167\037\133\236\232\214}{section.4}% 41
\BOOKMARK [3][-]{subsubsection.4.3.1}{\376\377\155\113\213\325\121\375\145\160}{subsection.4.3}% 42
\BOOKMARK [3][-]{subsubsection.4.3.2}{\376\377\173\227\154\325\123\312\123\302\145\160\213\276\177\156}{subsection.4.3}% 43
\BOOKMARK [3][-]{subsubsection.4.3.3}{\376\377\173\227\154\325\155\113\213\325\176\323\147\234}{subsection.4.3}% 44
\BOOKMARK [3][-]{subsubsection.4.3.4}{\376\377\155\113\213\325\176\323\147\234\122\006\147\220}{subsection.4.3}% 45
\BOOKMARK [1][-]{section.5}{\376\377\122\006\147\220\140\073\176\323}{}% 46
\BOOKMARK [1][-]{section*.16}{\376\377\123\302\200\003\145\207\163\056}{}% 47
